# JRE version: OpenJDK Runtime Environment Temurin-11.0.17+8 (11.0.17+8) (build 11.0.17+8)
# Java VM: OpenJDK 64-Bit Server VM Temurin-11.0.17+8 (11.0.17+8, mixed mode, tiered, compressed oops, g1 gc, windows-amd64)
Heap:
 garbage-first heap   total 129024K, used 23634K [0x0000000080000000, 0x0000000100000000)
  region size 1024K, 8 young (8192K), 6 survivors (6144K)
 Metaspace       used 35345K, capacity 36178K, committed 36432K, reserved 548864K
  class space    used 4543K, capacity 4864K, committed 4864K, reserved 516096K
GC Heap History (16 events):
Event: 4.582 GC heap before
{Heap before GC invocations=0 (full 0):
 garbage-first heap   total 129024K, used 16384K [0x0000000080000000, 0x0000000100000000)
  region size 1024K, 14 young (14336K), 0 survivors (0K)
 Metaspace       used 6774K, capacity 6997K, committed 7168K, reserved 524288K
  class space    used 573K, capacity 650K, committed 768K, reserved 516096K
}
Event: 4.613 GC heap after
{Heap after GC invocations=1 (full 0):
 garbage-first heap   total 129024K, used 3836K [0x0000000080000000, 0x0000000100000000)
  region size 1024K, 2 young (2048K), 2 survivors (2048K)
 Metaspace       used 6774K, capacity 6997K, committed 7168K, reserved 524288K
  class space    used 573K, capacity 650K, committed 768K, reserved 516096K
}
Event: 5.205 GC heap before
{Heap before GC invocations=1 (full 0):
 garbage-first heap   total 129024K, used 16124K [0x0000000080000000, 0x0000000100000000)
  region size 1024K, 12 young (12288K), 2 survivors (2048K)
 Metaspace       used 10050K, capacity 10338K, committed 10624K, reserved 526336K
  class space    used 1016K, capacity 1107K, committed 1152K, reserved 516096K
}
Event: 5.209 GC heap after
{Heap after GC invocations=2 (full 0):
 garbage-first heap   total 129024K, used 9404K [0x0000000080000000, 0x0000000100000000)
  region size 1024K, 2 young (2048K), 2 survivors (2048K)
 Metaspace       used 10050K, capacity 10338K, committed 10624K, reserved 526336K
  class space    used 1016K, capacity 1107K, committed 1152K, reserved 516096K
}
Event: 6.487 GC heap before
{Heap before GC invocations=2 (full 0):
 garbage-first heap   total 129024K, used 36028K [0x0000000080000000, 0x0000000100000000)
  region size 1024K, 28 young (28672K), 2 survivors (2048K)
 Metaspace       used 11261K, capacity 11456K, committed 11520K, reserved 526336K
  class space    used 1148K, capacity 1245K, committed 1280K, reserved 516096K
}
Event: 6.490 GC heap after
{Heap after GC invocations=3 (full 0):
 garbage-first heap   total 129024K, used 10043K [0x0000000080000000, 0x0000000100000000)
  region size 1024K, 3 young (3072K), 3 survivors (3072K)
 Metaspace       used 11261K, capacity 11456K, committed 11520K, reserved 526336K
  class space    used 1148K, capacity 1245K, committed 1280K, reserved 516096K
}
Event: 8.780 GC heap before
{Heap before GC invocations=3 (full 0):
 garbage-first heap   total 129024K, used 48955K [0x0000000080000000, 0x0000000100000000)
  region size 1024K, 41 young (41984K), 3 survivors (3072K)
 Metaspace       used 17493K, capacity 17823K, committed 18048K, reserved 532480K
  class space    used 2016K, capacity 2114K, committed 2176K, reserved 516096K
}
Event: 8.800 GC heap after
{Heap after GC invocations=4 (full 0):
 garbage-first heap   total 129024K, used 16362K [0x0000000080000000, 0x0000000100000000)
  region size 1024K, 6 young (6144K), 6 survivors (6144K)
 Metaspace       used 17493K, capacity 17823K, committed 18048K, reserved 532480K
  class space    used 2016K, capacity 2114K, committed 2176K, reserved 516096K
}
Event: 9.409 GC heap before
{Heap before GC invocations=4 (full 0):
 garbage-first heap   total 129024K, used 42986K [0x0000000080000000, 0x0000000100000000)
  region size 1024K, 33 young (33792K), 6 survivors (6144K)
 Metaspace       used 20726K, capacity 21140K, committed 21296K, reserved 536576K
  class space    used 2482K, capacity 2628K, committed 2688K, reserved 516096K
}
Event: 9.421 GC heap after
{Heap after GC invocations=5 (full 0):
 garbage-first heap   total 129024K, used 17196K [0x0000000080000000, 0x0000000100000000)
  region size 1024K, 2 young (2048K), 2 survivors (2048K)
 Metaspace       used 20726K, capacity 21140K, committed 21296K, reserved 536576K
  class space    used 2482K, capacity 2628K, committed 2688K, reserved 516096K
}
Event: 10.679 GC heap before
{Heap before GC invocations=6 (full 0):
 garbage-first heap   total 129024K, used 63276K [0x0000000080000000, 0x0000000100000000)
  region size 1024K, 48 young (49152K), 2 survivors (2048K)
 Metaspace       used 25443K, capacity 26022K, committed 26160K, reserved 540672K
  class space    used 3248K, capacity 3452K, committed 3456K, reserved 516096K
}
Event: 10.685 GC heap after
{Heap after GC invocations=7 (full 0):
 garbage-first heap   total 129024K, used 18934K [0x0000000080000000, 0x0000000100000000)
  region size 1024K, 3 young (3072K), 3 survivors (3072K)
 Metaspace       used 25443K, capacity 26022K, committed 26160K, reserved 540672K
  class space    used 3248K, capacity 3452K, committed 3456K, reserved 516096K
}
Event: 12.636 GC heap before
{Heap before GC invocations=7 (full 0):
 garbage-first heap   total 129024K, used 88566K [0x0000000080000000, 0x0000000100000000)
  region size 1024K, 71 young (72704K), 3 survivors (3072K)
 Metaspace       used 33206K, capacity 33936K, committed 34096K, reserved 546816K
  class space    used 4327K, capacity 4627K, committed 4736K, reserved 516096K
}
Event: 12.647 GC heap after
{Heap after GC invocations=8 (full 0):
 garbage-first heap   total 129024K, used 21796K [0x0000000080000000, 0x0000000100000000)
  region size 1024K, 6 young (6144K), 6 survivors (6144K)
 Metaspace       used 33206K, capacity 33936K, committed 34096K, reserved 546816K
  class space    used 4327K, capacity 4627K, committed 4736K, reserved 516096K
}
Event: 12.855 GC heap before
{Heap before GC invocations=8 (full 0):
 garbage-first heap   total 129024K, used 22820K [0x0000000080000000, 0x0000000100000000)
  region size 1024K, 8 young (8192K), 6 survivors (6144K)
 Metaspace       used 35045K, capacity 35804K, committed 35920K, reserved 548864K
  class space    used 4487K, capacity 4824K, committed 4864K, reserved 516096K
}
Event: 12.865 GC heap after
{Heap after GC invocations=9 (full 0):
 garbage-first heap   total 129024K, used 22610K [0x0000000080000000, 0x0000000100000000)
  region size 1024K, 6 young (6144K), 6 survivors (6144K)
 Metaspace       used 35045K, capacity 35804K, committed 35920K, reserved 548864K
  class space    used 4487K, capacity 4824K, committed 4864K, reserved 516096K
}

